<?xml version="1.0" encoding="UTF-8"?>
<testsuite name="com.codestates.stackoverflow.auth.JwtTokenizerTest" tests="7" skipped="0" failures="1" errors="0" timestamp="2022-11-05T04:28:17" hostname="DESKTOP-IPR2CI1" time="2.61">
  <properties/>
  <testcase name="calendarToDateTest()" classname="com.codestates.stackoverflow.auth.JwtTokenizerTest" time="0.013"/>
  <testcase name="getClaimsTest()" classname="com.codestates.stackoverflow.auth.JwtTokenizerTest" time="0.978"/>
  <testcase name="encodeBase64SecretKeyTest()" classname="com.codestates.stackoverflow.auth.JwtTokenizerTest" time="0.001"/>
  <testcase name="generateAccessTokenTest()" classname="com.codestates.stackoverflow.auth.JwtTokenizerTest" time="0.007"/>
  <testcase name="does not throw any Exception when jws verify" classname="com.codestates.stackoverflow.auth.JwtTokenizerTest" time="0.029"/>
  <testcase name="generateRefreshTokenTest()" classname="com.codestates.stackoverflow.auth.JwtTokenizerTest" time="0.01">
    <failure message="java.lang.NullPointerException" type="java.lang.NullPointerException">java.lang.NullPointerException
	at com.codestates.stackoverflow.auth.provider.JwtProvider.generateRefreshToken(JwtProvider.java:102)
	at com.codestates.stackoverflow.auth.JwtTokenizerTest.generateRefreshTokenTest(JwtTokenizerTest.java:70)
	at java.base/jdk.internal.reflect.NativeMethodAccessorImpl.invoke0(Native Method)
	at java.base/jdk.internal.reflect.NativeMethodAccessorImpl.invoke(NativeMethodAccessorImpl.java:62)
	at java.base/jdk.internal.reflect.DelegatingMethodAccessorImpl.invoke(DelegatingMethodAccessorImpl.java:43)
	at java.base/java.lang.reflect.Method.invoke(Method.java:566)
	at org.junit.platform.commons.util.ReflectionUtils.invokeMethod(ReflectionUtils.java:725)
	at org.junit.jupiter.engine.execution.MethodInvocation.proceed(MethodInvocation.java:60)
	at org.junit.jupiter.engine.execution.InvocationInterceptorChain$ValidatingInvocation.proceed(InvocationInterceptorChain.java:131)
	at org.junit.jupiter.engine.extension.TimeoutExtension.intercept(TimeoutExtension.java:149)
	at org.junit.jupiter.engine.extension.TimeoutExtension.interceptTestableMethod(TimeoutExtension.java:140)
	at org.junit.jupiter.engine.extension.TimeoutExtension.interceptTestMethod(TimeoutExtension.java:84)
	at org.junit.jupiter.engine.execution.ExecutableInvoker$ReflectiveInterceptorCall.lambda$ofVoidMethod$0(ExecutableInvoker.java:115)
	at org.junit.jupiter.engine.execution.ExecutableInvoker.lambda$invoke$0(ExecutableInvoker.java:105)
	at org.junit.jupiter.engine.execution.InvocationInterceptorChain$InterceptedInvocation.proceed(InvocationInterceptorChain.java:106)
	at org.junit.jupiter.engine.execution.InvocationInterceptorChain.proceed(InvocationInterceptorChain.java:64)
	at org.junit.jupiter.engine.execution.InvocationInterceptorChain.chainAndInvoke(InvocationInterceptorChain.java:45)
	at org.junit.jupiter.engine.execution.InvocationInterceptorChain.invoke(InvocationInterceptorChain.java:37)
	at org.junit.jupiter.engine.execution.ExecutableInvoker.invoke(ExecutableInvoker.java:104)
	at org.junit.jupiter.engine.execution.ExecutableInvoker.invoke(ExecutableInvoker.java:98)
	at org.junit.jupiter.engine.descriptor.TestMethodTestDescriptor.lambda$invokeTestMethod$7(TestMethodTestDescriptor.java:214)
	at org.junit.platform.engine.support.hierarchical.ThrowableCollector.execute(ThrowableCollector.java:73)
	at org.junit.jupiter.engine.descriptor.TestMethodTestDescriptor.invokeTestMethod(TestMethodTestDescriptor.java:210)
	at org.junit.jupiter.engine.descriptor.TestMethodTestDescriptor.execute(TestMethodTestDescriptor.java:135)
	at org.junit.jupiter.engine.descriptor.TestMethodTestDescriptor.execute(TestMethodTestDescriptor.java:66)
	at org.junit.platform.engine.support.hierarchical.NodeTestTask.lambda$executeRecursively$6(NodeTestTask.java:151)
	at org.junit.platform.engine.support.hierarchical.ThrowableCollector.execute(ThrowableCollector.java:73)
	at org.junit.platform.engine.support.hierarchical.NodeTestTask.lambda$executeRecursively$8(NodeTestTask.java:141)
	at org.junit.platform.engine.support.hierarchical.Node.around(Node.java:137)
	at org.junit.platform.engine.support.hierarchical.NodeTestTask.lambda$executeRecursively$9(NodeTestTask.java:139)
	at org.junit.platform.engine.support.hierarchical.ThrowableCollector.execute(ThrowableCollector.java:73)
	at org.junit.platform.engine.support.hierarchical.NodeTestTask.executeRecursively(NodeTestTask.java:138)
	at org.junit.platform.engine.support.hierarchical.NodeTestTask.execute(NodeTestTask.java:95)
	at java.base/java.util.ArrayList.forEach(ArrayList.java:1541)
	at org.junit.platform.engine.support.hierarchical.SameThreadHierarchicalTestExecutorService.invokeAll(SameThreadHierarchicalTestExecutorService.java:41)
	at org.junit.platform.engine.support.hierarchical.NodeTestTask.lambda$executeRecursively$6(NodeTestTask.java:155)
	at org.junit.platform.engine.support.hierarchical.ThrowableCollector.execute(ThrowableCollector.java:73)
	at org.junit.platform.engine.support.hierarchical.NodeTestTask.lambda$executeRecursively$8(NodeTestTask.java:141)
	at org.junit.platform.engine.support.hierarchical.Node.around(Node.java:137)
	at org.junit.platform.engine.support.hierarchical.NodeTestTask.lambda$executeRecursively$9(NodeTestTask.java:139)
	at org.junit.platform.engine.support.hierarchical.ThrowableCollector.execute(ThrowableCollector.java:73)
	at org.junit.platform.engine.support.hierarchical.NodeTestTask.executeRecursively(NodeTestTask.java:138)
	at org.junit.platform.engine.support.hierarchical.NodeTestTask.execute(NodeTestTask.java:95)
	at java.base/java.util.ArrayList.forEach(ArrayList.java:1541)
	at org.junit.platform.engine.support.hierarchical.SameThreadHierarchicalTestExecutorService.invokeAll(SameThreadHierarchicalTestExecutorService.java:41)
	at org.junit.platform.engine.support.hierarchical.NodeTestTask.lambda$executeRecursively$6(NodeTestTask.java:155)
	at org.junit.platform.engine.support.hierarchical.ThrowableCollector.execute(ThrowableCollector.java:73)
	at org.junit.platform.engine.support.hierarchical.NodeTestTask.lambda$executeRecursively$8(NodeTestTask.java:141)
	at org.junit.platform.engine.support.hierarchical.Node.around(Node.java:137)
	at org.junit.platform.engine.support.hierarchical.NodeTestTask.lambda$executeRecursively$9(NodeTestTask.java:139)
	at org.junit.platform.engine.support.hierarchical.ThrowableCollector.execute(ThrowableCollector.java:73)
	at org.junit.platform.engine.support.hierarchical.NodeTestTask.executeRecursively(NodeTestTask.java:138)
	at org.junit.platform.engine.support.hierarchical.NodeTestTask.execute(NodeTestTask.java:95)
	at org.junit.platform.engine.support.hierarchical.SameThreadHierarchicalTestExecutorService.submit(SameThreadHierarchicalTestExecutorService.java:35)
	at org.junit.platform.engine.support.hierarchical.HierarchicalTestExecutor.execute(HierarchicalTestExecutor.java:57)
	at org.junit.platform.engine.support.hierarchical.HierarchicalTestEngine.execute(HierarchicalTestEngine.java:54)
	at org.junit.platform.launcher.core.EngineExecutionOrchestrator.execute(EngineExecutionOrchestrator.java:107)
	at org.junit.platform.launcher.core.EngineExecutionOrchestrator.execute(EngineExecutionOrchestrator.java:88)
	at org.junit.platform.launcher.core.EngineExecutionOrchestrator.lambda$execute$0(EngineExecutionOrchestrator.java:54)
	at org.junit.platform.launcher.core.EngineExecutionOrchestrator.withInterceptedStreams(EngineExecutionOrchestrator.java:67)
	at org.junit.platform.launcher.core.EngineExecutionOrchestrator.execute(EngineExecutionOrchestrator.java:52)
	at org.junit.platform.launcher.core.DefaultLauncher.execute(DefaultLauncher.java:114)
	at org.junit.platform.launcher.core.DefaultLauncher.execute(DefaultLauncher.java:86)
	at org.junit.platform.launcher.core.DefaultLauncherSession$DelegatingLauncher.execute(DefaultLauncherSession.java:86)
	at org.junit.platform.launcher.core.SessionPerRequestLauncher.execute(SessionPerRequestLauncher.java:53)
	at org.gradle.api.internal.tasks.testing.junitplatform.JUnitPlatformTestClassProcessor$CollectAllTestClassesExecutor.processAllTestClasses(JUnitPlatformTestClassProcessor.java:99)
	at org.gradle.api.internal.tasks.testing.junitplatform.JUnitPlatformTestClassProcessor$CollectAllTestClassesExecutor.access$000(JUnitPlatformTestClassProcessor.java:79)
	at org.gradle.api.internal.tasks.testing.junitplatform.JUnitPlatformTestClassProcessor.stop(JUnitPlatformTestClassProcessor.java:75)
	at org.gradle.api.internal.tasks.testing.SuiteTestClassProcessor.stop(SuiteTestClassProcessor.java:61)
	at java.base/jdk.internal.reflect.NativeMethodAccessorImpl.invoke0(Native Method)
	at java.base/jdk.internal.reflect.NativeMethodAccessorImpl.invoke(NativeMethodAccessorImpl.java:62)
	at java.base/jdk.internal.reflect.DelegatingMethodAccessorImpl.invoke(DelegatingMethodAccessorImpl.java:43)
	at java.base/java.lang.reflect.Method.invoke(Method.java:566)
	at org.gradle.internal.dispatch.ReflectionDispatch.dispatch(ReflectionDispatch.java:36)
	at org.gradle.internal.dispatch.ReflectionDispatch.dispatch(ReflectionDispatch.java:24)
	at org.gradle.internal.dispatch.ContextClassLoaderDispatch.dispatch(ContextClassLoaderDispatch.java:33)
	at org.gradle.internal.dispatch.ProxyDispatchAdapter$DispatchingInvocationHandler.invoke(ProxyDispatchAdapter.java:94)
	at com.sun.proxy.$Proxy2.stop(Unknown Source)
	at org.gradle.api.internal.tasks.testing.worker.TestWorker$3.run(TestWorker.java:193)
	at org.gradle.api.internal.tasks.testing.worker.TestWorker.executeAndMaintainThreadName(TestWorker.java:129)
	at org.gradle.api.internal.tasks.testing.worker.TestWorker.execute(TestWorker.java:100)
	at org.gradle.api.internal.tasks.testing.worker.TestWorker.execute(TestWorker.java:60)
	at org.gradle.process.internal.worker.child.ActionExecutionWorker.execute(ActionExecutionWorker.java:56)
	at org.gradle.process.internal.worker.child.SystemApplicationClassLoaderWorker.call(SystemApplicationClassLoaderWorker.java:133)
	at org.gradle.process.internal.worker.child.SystemApplicationClassLoaderWorker.call(SystemApplicationClassLoaderWorker.java:71)
	at worker.org.gradle.process.internal.worker.GradleWorkerMain.run(GradleWorkerMain.java:69)
	at worker.org.gradle.process.internal.worker.GradleWorkerMain.main(GradleWorkerMain.java:74)
</failure>
  </testcase>
  <testcase name="throw ExpiredJwtException when jws verify" classname="com.codestates.stackoverflow.auth.JwtTokenizerTest" time="1.566"/>
  <system-out><![CDATA[2022-11-05 13:28:17.134  INFO 30792 --- [    Test worker] c.c.s.auth.provider.JwtProvider          : [createAccessToken] 토큰 생성 시작
2022-11-05 13:28:17.866  INFO 30792 --- [    Test worker] c.c.s.auth.provider.JwtProvider          : [createAccessToken] 토큰 생성 완료
2022-11-05 13:28:17.867  INFO 30792 --- [    Test worker] c.c.s.auth.provider.JwtProvider          : [getClaims] 토큰의 Claims 생성 시작
a2V2aW4xMjM0MTIzNDEyMzQxMjM0MTIzNDEyMzQxMjM0
2022-11-05 13:28:18.115  INFO 30792 --- [    Test worker] c.c.s.auth.provider.JwtProvider          : [createAccessToken] 토큰 생성 시작
2022-11-05 13:28:18.119  INFO 30792 --- [    Test worker] c.c.s.auth.provider.JwtProvider          : [createAccessToken] 토큰 생성 완료
eyJhbGciOiJIUzI1NiJ9.eyJyb2xlcyI6WyJVU0VSIl0sIm1lbWJlcklkIjoxLCJzdWIiOiJ0ZXN0IGFjY2VzcyB0b2tlbiIsImlhdCI6MTY2NzYyMjQ5OCwiZXhwIjoxNjY3NjIzMDk4fQ._cHoieaPQEzJ0tl19VJ_JfXVfXF9Fgt5FWmz2_uBKhk
2022-11-05 13:28:18.122  INFO 30792 --- [    Test worker] c.c.s.auth.provider.JwtProvider          : [createAccessToken] 토큰 생성 시작
2022-11-05 13:28:18.128  INFO 30792 --- [    Test worker] c.c.s.auth.provider.JwtProvider          : [createAccessToken] 토큰 생성 완료
2022-11-05 13:28:18.138  INFO 30792 --- [    Test worker] c.c.s.auth.provider.JwtProvider          : [verifySignature] 토큰 검증 시작
2022-11-05 13:28:18.149  INFO 30792 --- [    Test worker] c.c.s.auth.provider.JwtProvider          : [verifySignature] claims : {roles=[USER], memberId=1, sub=test access token, iat=1667622498, exp=1667623098}
2022-11-05 13:28:18.153  INFO 30792 --- [    Test worker] c.c.s.auth.provider.JwtProvider          : [createRefreshToken] 토큰 생성 시작
2022-11-05 13:28:18.155  INFO 30792 --- [    Test worker] c.c.s.auth.provider.JwtProvider          : generateRefreshToken test refresh token
2022-11-05 13:28:18.164  INFO 30792 --- [    Test worker] c.c.s.auth.provider.JwtProvider          : [createAccessToken] 토큰 생성 시작
2022-11-05 13:28:18.167  INFO 30792 --- [    Test worker] c.c.s.auth.provider.JwtProvider          : [createAccessToken] 토큰 생성 완료
2022-11-05 13:28:18.168  INFO 30792 --- [    Test worker] c.c.s.auth.provider.JwtProvider          : [verifySignature] 토큰 검증 시작
2022-11-05 13:28:18.175  INFO 30792 --- [    Test worker] c.c.s.auth.provider.JwtProvider          : [verifySignature] claims : {roles=[USER], memberId=1, sub=test access token, iat=1667622498, exp=1667622499}
2022-11-05 13:28:19.704  INFO 30792 --- [    Test worker] c.c.s.auth.provider.JwtProvider          : [verifySignature] 토큰 검증 시작
]]></system-out>
  <system-err><![CDATA[]]></system-err>
</testsuite>
